epoch,accuracy,loss,val_accuracy,val_loss
0,0.4333721101284027,0.7293708324432373,0.0,0.7454274892807007
1,0.584094762802124,0.6779171824455261,0.0,0.8268309235572815
2,0.6212592124938965,0.6598291993141174,0.0,0.8969373106956482
3,0.6247953176498413,0.6416037082672119,0.0,0.8941670656204224
4,0.6282601952552795,0.6232444643974304,0.0,0.8789442777633667
5,0.633030354976654,0.6043968200683594,0.02952064573764801,0.8597086071968079
6,0.6458219885826111,0.5884116888046265,0.38291409611701965,0.8382569551467896
7,0.6664689183235168,0.5745275616645813,0.6561936140060425,0.8277915716171265
8,0.695540726184845,0.5648504495620728,0.7387754917144775,0.802282452583313
9,0.7132449150085449,0.5556279420852661,0.7662078738212585,0.7643840909004211
10,0.7258940935134888,0.5445420145988464,0.7634551525115967,0.7219166159629822
11,0.7333934307098389,0.5350821614265442,0.7515899538993835,0.687242329120636
12,0.7390179634094238,0.5256379246711731,0.7525391578674316,0.6481074690818787
13,0.7485820055007935,0.517322301864624,0.7511153221130371,0.6252917051315308
14,0.7515959739685059,0.5114036202430725,0.7626957893371582,0.5991171598434448
15,0.7551558017730713,0.5045499205589294,0.7687707543373108,0.5843446850776672
16,0.760353147983551,0.49686944484710693,0.7690555453300476,0.5840651988983154
17,0.7642214894294739,0.49486562609672546,0.7775035500526428,0.5589296817779541
18,0.765431821346283,0.488876074552536,0.7699097990989685,0.5582219958305359
19,0.7682559490203857,0.48612910509109497,0.7799715399742126,0.5413965582847595
20,0.7735481858253479,0.4814172089099884,0.779117226600647,0.5411966443061829
21,0.77530437707901,0.4761178493499756,0.7873753905296326,0.520620584487915
22,0.7753280997276306,0.4737054109573364,0.7798765897750854,0.5306410789489746
23,0.781213641166687,0.4703425467014313,0.7907925844192505,0.5100321769714355
24,0.7791727185249329,0.47078925371170044,0.77759850025177,0.5196602940559387
25,0.7843937873840332,0.4641966223716736,0.7852871417999268,0.5065288543701172
26,0.784464955329895,0.4640711545944214,0.7869957089424133,0.5036391019821167
27,0.7866008281707764,0.4596419334411621,0.7931656241416931,0.49469679594039917
28,0.786292314529419,0.4601037800312042,0.7896535396575928,0.501275360584259
29,0.7871229648590088,0.4585592746734619,0.7895585894584656,0.4971318244934082
30,0.790587842464447,0.45516782999038696,0.7890840172767639,0.4933616518974304
31,0.7891401648521423,0.4552915394306183,0.7902230620384216,0.49179962277412415
32,0.7909913063049316,0.45245105028152466,0.7852871417999268,0.4916839599609375
33,0.790967583656311,0.44854673743247986,0.7919316291809082,0.479166716337204
34,0.7950969338417053,0.44641539454460144,0.7848125100135803,0.48664426803588867
35,0.7966395616531372,0.444785475730896,0.7885144948959351,0.4775109887123108
36,0.798538088798523,0.44334250688552856,0.7862363457679749,0.47651150822639465
37,0.7970192432403564,0.44184839725494385,0.7862363457679749,0.47270986437797546
38,0.7982532978057861,0.44139784574508667,0.7867109775543213,0.47525107860565186
39,0.798870325088501,0.4402998387813568,0.7888941764831543,0.4700479805469513
40,0.7984431982040405,0.43768370151519775,0.7850973010063171,0.47356903553009033
41,0.8005316257476807,0.4383522570133209,0.7887043356895447,0.46524494886398315
42,0.7988228797912598,0.4377647042274475,0.7862363457679749,0.47027426958084106
43,0.8011960983276367,0.43666478991508484,0.7883246541023254,0.46152839064598083
44,0.8010774254798889,0.43349510431289673,0.7831039428710938,0.4664266109466553
45,0.8010774254798889,0.4337594211101532,0.7847176194190979,0.4608914256095886
46,0.8038066029548645,0.4328552186489105,0.783483624458313,0.4653414487838745
47,0.8049220442771912,0.4310479760169983,0.7892738580703735,0.4561488628387451
48,0.8047796487808228,0.42985302209854126,0.7860465049743652,0.4555031359195709
49,0.8045660853385925,0.42982473969459534,0.7884195446968079,0.4529015123844147
50,0.8043287396430969,0.4280166029930115,0.7831039428710938,0.46442317962646484
51,0.8043287396430969,0.4300767183303833,0.7923113703727722,0.44777292013168335
52,0.8039727807044983,0.42965593934059143,0.7858566641807556,0.45560112595558167
53,0.8083869218826294,0.42395448684692383,0.7926910519599915,0.44317755103111267
54,0.8067019581794739,0.42494043707847595,0.7848125100135803,0.45084279775619507
55,0.8074851036071777,0.42447492480278015,0.7830089926719666,0.44867485761642456
56,0.8092412948608398,0.42203325033187866,0.7862363457679749,0.44570618867874146
57,0.8079597353935242,0.4242419898509979,0.7859516143798828,0.4434452950954437
58,0.808244526386261,0.4230695366859436,0.7920265793800354,0.43595534563064575
59,0.808576762676239,0.4214062988758087,0.7902230620384216,0.444667786359787
60,0.8081021308898926,0.42251691222190857,0.7890840172767639,0.4472339153289795
61,0.8086717128753662,0.42217114567756653,0.7936402559280396,0.4391571581363678
62,0.8108788132667542,0.4183826148509979,0.7898433804512024,0.43977153301239014
63,0.809288740158081,0.42102837562561035,0.7913621068000793,0.434347927570343
64,0.8110212087631226,0.4185425341129303,0.7931656241416931,0.4353053867816925
65,0.8110686540603638,0.41873493790626526,0.7957285046577454,0.43648868799209595
66,0.8117094039916992,0.4176937937736511,0.7953488230705261,0.4382760226726532
67,0.8110212087631226,0.4185291826725006,0.7997152209281921,0.4282887876033783
68,0.8090276718139648,0.41780370473861694,0.7943046689033508,0.43989241123199463
69,0.8120654225349426,0.4160041809082031,0.8008542656898499,0.42792853713035583
70,0.8120179176330566,0.4164588749408722,0.8013288974761963,0.4287969470024109
71,0.812160313129425,0.41564467549324036,0.8001898527145386,0.43150463700294495
72,0.8137029409408569,0.41335606575012207,0.7990508079528809,0.43421411514282227
73,0.8134418725967407,0.41409698128700256,0.8064546585083008,0.4242912828922272
74,0.8144148588180542,0.4129686951637268,0.7998101711273193,0.4282335340976715
75,0.8144148588180542,0.41120633482933044,0.8066444993019104,0.42052161693573
76,0.8138453364372253,0.4132460653781891,0.8035120964050293,0.42875316739082336
77,0.8132994771003723,0.41206711530685425,0.8082581758499146,0.42394140362739563
78,0.8141301274299622,0.41297799348831177,0.8092073798179626,0.42450109124183655
79,0.8137503862380981,0.41103294491767883,0.8066444993019104,0.42824503779411316
80,0.8163371682167053,0.4109254479408264,0.8145230412483215,0.4130275249481201
81,0.8159574866294861,0.4098948836326599,0.8071191310882568,0.42227527499198914
82,0.8155303001403809,0.4105021357536316,0.8099668025970459,0.41855043172836304
83,0.8154116272926331,0.41038456559181213,0.813099205493927,0.41760528087615967
84,0.8160049319267273,0.4083859920501709,0.8137636184692383,0.42189785838127136
85,0.8177611231803894,0.40976646542549133,0.8131940960884094,0.42042577266693115
86,0.8163608908653259,0.40835070610046387,0.8164214491844177,0.4130603075027466
87,0.8163371682167053,0.40849319100379944,0.81528240442276,0.4116646945476532
88,0.816906750202179,0.40805211663246155,0.8076886534690857,0.421242892742157
89,0.817120373249054,0.41038236021995544,0.8154722452163696,0.4093668460845947
90,0.8168118000030518,0.40691810846328735,0.814617931842804,0.41300269961357117
91,0.817405104637146,0.4056350588798523,0.8165163993835449,0.40884724259376526
92,0.8182594776153564,0.40593984723091125,0.8190792798995972,0.40845543146133423
93,0.8176661729812622,0.404070645570755,0.8225913643836975,0.4096722900867462
94,0.8168355822563171,0.40663328766822815,0.821832001209259,0.4080030024051666
95,0.8173339366912842,0.40612462162971497,0.8156620860099792,0.4156356453895569
96,0.8171678185462952,0.4052774906158447,0.8242999315261841,0.40449607372283936
97,0.8158150911331177,0.40571969747543335,0.8208827972412109,0.41067707538604736
98,0.81778484582901,0.40515702962875366,0.8268628120422363,0.4012001156806946
99,0.8184018731117249,0.40582987666130066,0.8205030560493469,0.4120670557022095
100,0.8170491456985474,0.4049258828163147,0.8254390358924866,0.4095354676246643
101,0.8165032863616943,0.40267854928970337,0.8285714387893677,0.40327632427215576
102,0.8200631141662598,0.40301042795181274,0.8242050409317017,0.4052210748195648
103,0.8186392188072205,0.4039546549320221,0.821832001209259,0.402252733707428
104,0.8175712823867798,0.403033047914505,0.8243948817253113,0.4010746479034424
105,0.8193036913871765,0.40315425395965576,0.8305647969245911,0.39540421962738037
106,0.8183781504631042,0.4018842279911041,0.8201233744621277,0.41067618131637573
107,0.8194698095321655,0.40223991870880127,0.8294257521629333,0.3954351842403412
108,0.8213446736335754,0.40117722749710083,0.8264831304550171,0.3995515704154968
109,0.8189714550971985,0.4001891314983368,0.8261034488677979,0.40116092562675476
110,0.820324182510376,0.3999205231666565,0.8310393691062927,0.39611005783081055
111,0.820822536945343,0.39967435598373413,0.8305647969245911,0.3940708637237549
112,0.8214395642280579,0.3999268412590027,0.8324632048606873,0.39546456933021545
113,0.8196359276771545,0.40027111768722534,0.8316089510917664,0.3997310400009155
114,0.8218667507171631,0.39855635166168213,0.829235851764679,0.3974247872829437
115,0.8213209509849548,0.3994975686073303,0.8400569558143616,0.39071357250213623
116,0.8195173144340515,0.40008246898651123,0.8380635976791382,0.39739909768104553
117,0.8210598826408386,0.39779993891716003,0.838633120059967,0.3928338289260864
118,0.8203953504562378,0.3999535143375397,0.8394874334335327,0.3945504426956177
119,0.8193274140357971,0.39986518025398254,0.8441385626792908,0.38978058099746704
120,0.8214870691299438,0.39809852838516235,0.8365448713302612,0.3987944722175598
121,0.8211548328399658,0.3983710706233978,0.8407214283943176,0.3908024728298187
122,0.8226499557495117,0.39784759283065796,0.8392975926399231,0.3968065083026886
123,0.8213209509849548,0.39589375257492065,0.8468913435935974,0.38873744010925293
124,0.8218193054199219,0.39751848578453064,0.8454675078392029,0.3950922191143036
125,0.8225075602531433,0.3976433575153351,0.8497389554977417,0.3910546898841858
126,0.8207988142967224,0.39789801836013794,0.842714786529541,0.395609974861145
127,0.8216057419776917,0.3966812193393707,0.8483151197433472,0.38517794013023376
128,0.8239314556121826,0.39355039596557617,0.842335045337677,0.3904540240764618
129,0.8232432007789612,0.39598798751831055,0.8439487218856812,0.3901031017303467
130,0.820988655090332,0.39790186285972595,0.8446131944656372,0.3899136483669281
131,0.8229346871376038,0.3940766453742981,0.8432843089103699,0.39002904295921326
132,0.8223176598548889,0.3952754735946655,0.8490745425224304,0.3847389817237854
133,0.8229109644889832,0.3953315019607544,0.8474608659744263,0.3898567259311676
134,0.8226736783981323,0.39427366852760315,0.8496440649032593,0.38680320978164673
135,0.8230770826339722,0.3948645293712616,0.8484100699424744,0.3864940404891968
136,0.8221990466117859,0.39474955201148987,0.8444233536720276,0.39394131302833557
137,0.82423996925354,0.39432957768440247,0.8494542241096497,0.38219350576400757
138,0.8233144283294678,0.394400030374527,0.8503084778785706,0.38454315066337585
139,0.8220091462135315,0.39443567395210266,0.8518272638320923,0.38361281156539917
140,0.8230059146881104,0.39457279443740845,0.8484100699424744,0.39061281085014343
141,0.8233381509780884,0.39335906505584717,0.8550545573234558,0.38143572211265564
142,0.8236466646194458,0.3923628330230713,0.8549596667289734,0.3820303976535797
143,0.8248569965362549,0.39209723472595215,0.8503084778785706,0.3878397047519684
144,0.8228397965431213,0.39398854970932007,0.855434238910675,0.3813326060771942
145,0.8220803737640381,0.39347490668296814,0.8519221544265747,0.3856383264064789
146,0.8228635191917419,0.3928104043006897,0.8531561493873596,0.3818003535270691
147,0.8231483101844788,0.3928588628768921,0.8534409403800964,0.3855087459087372
148,0.82423996925354,0.3914249539375305,0.8552443981170654,0.37989357113838196
149,0.8248807191848755,0.3910978436470032,0.8535358309745789,0.3806694447994232
150,0.8245484828948975,0.3910870850086212,0.8534409403800964,0.38687634468078613
151,0.8247146010398865,0.3912707269191742,0.857332706451416,0.3764100968837738
152,0.8237890601158142,0.39139699935913086,0.8533459901809692,0.3843289911746979
153,0.8263046741485596,0.39272093772888184,0.8563835024833679,0.38032612204551697
154,0.8243349194526672,0.3909696340560913,0.8555291891098022,0.382669597864151
155,0.8255926966667175,0.3902779221534729,0.8549596667289734,0.37814757227897644
156,0.8272539377212524,0.3908587098121643,0.8557190299034119,0.3752683699131012
157,0.823575496673584,0.39121565222740173,0.8574275970458984,0.37792131304740906
158,0.8243349194526672,0.3909330666065216,0.8601803779602051,0.38071757555007935
159,0.8246908783912659,0.3896929621696472,0.861034631729126,0.3743978440761566
160,0.8249756693840027,0.3897228538990021,0.8571428656578064,0.37883293628692627
161,0.823741614818573,0.39040520787239075,0.8577123880386353,0.3765176236629486
162,0.826447069644928,0.389732301235199,0.8584717512130737,0.3762713372707367
163,0.8230533599853516,0.3905126750469208,0.8598006367683411,0.3770396113395691
164,0.8241212964057922,0.38858988881111145,0.8641670346260071,0.37781187891960144
165,0.8257825374603271,0.38844218850135803,0.8605600595474243,0.38446712493896484
166,0.8261385560035706,0.3889141082763672,0.8665401339530945,0.37346822023391724
167,0.8251417875289917,0.387315571308136,0.8633127808570862,0.37871113419532776
168,0.8260436058044434,0.38930681347846985,0.85666823387146,0.3760441243648529
169,0.8251655101776123,0.38692495226860046,0.8605600595474243,0.37409481406211853
170,0.8251655101776123,0.38964900374412537,0.8601803779602051,0.3738463521003723
171,0.827325165271759,0.38688844442367554,0.8601803779602051,0.3762929141521454
172,0.8255215287208557,0.3879358172416687,0.8645467758178711,0.3699844777584076
173,0.8263521194458008,0.3857503831386566,0.8568580746650696,0.37728041410446167
174,0.8267555832862854,0.38783514499664307,0.8624584674835205,0.3740187883377075
175,0.8259724378585815,0.38783711194992065,0.8622686266899109,0.37538573145866394
176,0.8256876468658447,0.38651043176651,0.8609397411346436,0.3748105764389038
177,0.8250706195831299,0.385245144367218,0.8621737360954285,0.37626880407333374
178,0.825901210308075,0.38740721344947815,0.8614143133163452,0.3746275007724762
179,0.8273963332176208,0.38728392124176025,0.8629330992698669,0.37624692916870117
180,0.8263283967971802,0.3866107165813446,0.8652111887931824,0.37430089712142944
181,0.8275150060653687,0.38668519258499146,0.8607499003410339,0.3767659068107605
182,0.8259487152099609,0.3890135884284973,0.8655908703804016,0.3728933036327362
