epoch,auc,loss,val_auc,val_loss
0,0.6590368747711182,0.6559656262397766,0.7790200114250183,0.5880850553512573
1,0.7673574090003967,0.584526002407074,0.8186014890670776,0.5295743942260742
2,0.796308696269989,0.550987958908081,0.8333984017372131,0.5078601837158203
3,0.8133318424224854,0.5312778949737549,0.8445706367492676,0.4966517686843872
4,0.8269588947296143,0.5120759010314941,0.85382080078125,0.4832647442817688
5,0.8366674184799194,0.49934622645378113,0.862160325050354,0.4753144085407257
6,0.843866229057312,0.4889734089374542,0.8683093786239624,0.4634827673435211
7,0.8542989492416382,0.4745897650718689,0.8733139634132385,0.45529991388320923
8,0.8601630926132202,0.46640199422836304,0.8775278329849243,0.44657862186431885
9,0.8636896014213562,0.4614100754261017,0.8809433579444885,0.43341463804244995
10,0.868049681186676,0.4545687437057495,0.8834033012390137,0.4316965341567993
11,0.8712052702903748,0.4499638080596924,0.8851889371871948,0.4313717186450958
12,0.8732966184616089,0.4467269480228424,0.8867965936660767,0.4346264600753784
13,0.8775591850280762,0.4404286742210388,0.8879966139793396,0.43114399909973145
14,0.8794257044792175,0.4371177554130554,0.8895782232284546,0.4246867299079895
15,0.88106369972229,0.43458738923072815,0.8907692432403564,0.4213469624519348
16,0.8826798796653748,0.4312942922115326,0.8919824957847595,0.4172675907611847
17,0.8836908936500549,0.4299711585044861,0.8927788734436035,0.4196030795574188
18,0.8861010670661926,0.425704687833786,0.8931545615196228,0.41861313581466675
19,0.8872174620628357,0.42431339621543884,0.8935507535934448,0.4147246181964874
20,0.8886407613754272,0.4216597378253937,0.8945904970169067,0.41445767879486084
21,0.8903172016143799,0.4186351001262665,0.8949524760246277,0.4121186137199402
22,0.890173614025116,0.41874590516090393,0.8960000276565552,0.4081283211708069
23,0.890838086605072,0.41759490966796875,0.8961851000785828,0.4079758822917938
24,0.8920470476150513,0.4155723452568054,0.8965243697166443,0.4088280498981476
25,0.8935198187828064,0.4128175675868988,0.8968542218208313,0.40623939037323
26,0.8944832682609558,0.41095253825187683,0.8974345922470093,0.4033719301223755
27,0.8944101333618164,0.41133439540863037,0.8971846699714661,0.40488412976264954
28,0.8957293629646301,0.40914127230644226,0.8978287577629089,0.4035174548625946
29,0.8966705799102783,0.40723204612731934,0.8980985283851624,0.4015299677848816
30,0.896135687828064,0.40814948081970215,0.8983914256095886,0.40635019540786743
31,0.89673912525177,0.406524658203125,0.8989413976669312,0.4042719304561615
32,0.8977414965629578,0.4052342176437378,0.8988640308380127,0.40295732021331787
33,0.8981713056564331,0.404192715883255,0.8992759585380554,0.4012274146080017
34,0.898767352104187,0.40278592705726624,0.8991867303848267,0.40217840671539307
35,0.8989900350570679,0.40270382165908813,0.8998240828514099,0.39707568287849426
36,0.8994967341423035,0.40156736969947815,0.8998439311981201,0.4015422761440277
37,0.9008492827415466,0.3989693820476532,0.8999461531639099,0.4059939980506897
38,0.901009202003479,0.3982855975627899,0.8997702598571777,0.39811331033706665
39,0.9022879600524902,0.39623352885246277,0.9002798199653625,0.401798278093338
40,0.9017544388771057,0.3975425064563751,0.9005821347236633,0.3999980390071869
41,0.9011147618293762,0.39811211824417114,0.9003002047538757,0.39957088232040405
42,0.9027278423309326,0.3954721689224243,0.9007795453071594,0.39808061718940735
43,0.9020750522613525,0.3966251611709595,0.9003217220306396,0.40081846714019775
44,0.9036273956298828,0.39361247420310974,0.9007874727249146,0.39899149537086487
45,0.9035619497299194,0.39383792877197266,0.9013301730155945,0.3997657895088196
46,0.9035220742225647,0.39383700489997864,0.9013171195983887,0.3976156711578369
47,0.9043501615524292,0.3921208083629608,0.9009301066398621,0.3963107764720917
48,0.9040821194648743,0.39248088002204895,0.9020556807518005,0.3961189389228821
49,0.9038881063461304,0.3931005299091339,0.9019289612770081,0.39470335841178894
50,0.9044972062110901,0.39191651344299316,0.9020145535469055,0.3961990177631378
51,0.9046415686607361,0.3911077380180359,0.9021526575088501,0.39368492364883423
52,0.9055244326591492,0.38968873023986816,0.9021086096763611,0.39850857853889465
53,0.9051690101623535,0.3904348611831665,0.9022552371025085,0.3967525362968445
54,0.9057572484016418,0.3891201317310333,0.9026044011116028,0.3977399468421936
55,0.9058123230934143,0.38934633135795593,0.9024059772491455,0.3930301368236542
56,0.9062145352363586,0.3880282938480377,0.9023035168647766,0.3915124535560608
57,0.906345784664154,0.3881874084472656,0.90217125415802,0.38966116309165955
58,0.9068122506141663,0.387675017118454,0.9026345610618591,0.39575856924057007
59,0.9068005681037903,0.3869174122810364,0.9023510217666626,0.3965431749820709
60,0.9074979424476624,0.38571009039878845,0.9026642441749573,0.39143499732017517
61,0.9076577425003052,0.38539931178092957,0.9027791619300842,0.39401930570602417
62,0.9067744016647339,0.3868752419948578,0.9025026559829712,0.390415757894516
63,0.9079636931419373,0.3846838176250458,0.902918815612793,0.38909417390823364
64,0.9083464741706848,0.38394805788993835,0.9032039642333984,0.39331546425819397
65,0.9087016582489014,0.3833696246147156,0.9031313061714172,0.3917350471019745
66,0.9084106087684631,0.3839225471019745,0.9032038450241089,0.38991042971611023
67,0.9086383581161499,0.38304659724235535,0.9031646847724915,0.39222368597984314
68,0.9092087149620056,0.38214460015296936,0.9035891890525818,0.38888636231422424
69,0.908896267414093,0.3825805187225342,0.902954638004303,0.3886392414569855
70,0.9091219305992126,0.38220420479774475,0.9029946327209473,0.389952152967453
71,0.9091655015945435,0.3822516202926636,0.9036784768104553,0.39227545261383057
72,0.9097483158111572,0.38096678256988525,0.9037491083145142,0.3928062915802002
73,0.9094170331954956,0.3818715214729309,0.9028730988502502,0.39455461502075195
74,0.9091575145721436,0.3821616470813751,0.9037390947341919,0.3935505747795105
75,0.9096447229385376,0.3809460997581482,0.9036388993263245,0.39140409231185913
76,0.9101189970970154,0.38022130727767944,0.9037846326828003,0.38751518726348877
77,0.9099875092506409,0.38051432371139526,0.9037371277809143,0.3893701434135437
78,0.9102836847305298,0.37975460290908813,0.9040302038192749,0.387249231338501
79,0.9098857045173645,0.3804274797439575,0.9038709402084351,0.38716748356819153
80,0.9106348156929016,0.3790525794029236,0.9038106203079224,0.39001309871673584
81,0.9106966853141785,0.37883275747299194,0.9035072326660156,0.3867240846157074
82,0.9107162356376648,0.37883204221725464,0.9040130972862244,0.387804239988327
83,0.9110984206199646,0.3780699670314789,0.9037308692932129,0.391175776720047
84,0.9112251996994019,0.3777371942996979,0.9039574861526489,0.3905709981918335
85,0.910659909248352,0.37881168723106384,0.9035807251930237,0.38781601190567017
86,0.911553144454956,0.3774600327014923,0.9040965437889099,0.39089256525039673
87,0.9106765389442444,0.37898051738739014,0.9035584926605225,0.3940560519695282
88,0.9114832878112793,0.3769533336162567,0.9038050770759583,0.3905662000179291
89,0.9111344814300537,0.377792090177536,0.9037184119224548,0.38879474997520447
90,0.9111753702163696,0.37788426876068115,0.9040824174880981,0.3916204869747162
91,0.9122433662414551,0.37563827633857727,0.9042566418647766,0.3892766237258911
92,0.9113547205924988,0.3776372969150543,0.9041325449943542,0.3909871578216553
93,0.9122951626777649,0.37558072805404663,0.9041687846183777,0.3873004913330078
94,0.9128146171569824,0.37462905049324036,0.9040895700454712,0.39109140634536743
95,0.9122542142868042,0.37543559074401855,0.9040743708610535,0.38921964168548584
96,0.9123514294624329,0.3756532371044159,0.9042133092880249,0.3882957398891449
97,0.9120410680770874,0.37617722153663635,0.9039591550827026,0.3886779844760895
98,0.9129780530929565,0.37420859932899475,0.9044862985610962,0.39083749055862427
99,0.913061261177063,0.3738833963871002,0.9041683673858643,0.3874724507331848
